2017-09-09 15:30:28.316  INFO 7112 --- [main] cn.edu.swpu.cins.weike.WeikeApplication  : Starting WeikeApplication on yang with PID 7112 (/home/yang/idea_work_space/weike/out/production/classes started by yang in /home/yang/idea_work_space/weike)
2017-09-09 15:30:28.324  INFO 7112 --- [main] cn.edu.swpu.cins.weike.WeikeApplication  : No active profile set, falling back to default profiles: default
2017-09-09 15:30:28.447  INFO 7112 --- [main] ationConfigEmbeddedWebApplicationContext : Refreshing org.springframework.boot.context.embedded.AnnotationConfigEmbeddedWebApplicationContext@61df66b6: startup date [Sat Sep 09 15:30:28 CST 2017]; root of context hierarchy
2017-09-09 15:30:29.695  INFO 7112 --- [main] .s.d.r.c.RepositoryConfigurationDelegate : Multiple Spring Data modules found, entering strict repository configuration mode!
2017-09-09 15:30:30.099  INFO 7112 --- [main] trationDelegate$BeanPostProcessorChecker : Bean 'org.springframework.transaction.annotation.ProxyTransactionManagementConfiguration' of type [org.springframework.transaction.annotation.ProxyTransactionManagementConfiguration$$EnhancerBySpringCGLIB$$b4a70b72] is not eligible for getting processed by all BeanPostProcessors (for example: not eligible for auto-proxying)
2017-09-09 15:30:30.213  INFO 7112 --- [main] trationDelegate$BeanPostProcessorChecker : Bean 'org.springframework.security.config.annotation.configuration.ObjectPostProcessorConfiguration' of type [org.springframework.security.config.annotation.configuration.ObjectPostProcessorConfiguration$$EnhancerBySpringCGLIB$$4d54d3ac] is not eligible for getting processed by all BeanPostProcessors (for example: not eligible for auto-proxying)
2017-09-09 15:30:30.223  INFO 7112 --- [main] trationDelegate$BeanPostProcessorChecker : Bean 'objectPostProcessor' of type [org.springframework.security.config.annotation.configuration.AutowireBeanFactoryObjectPostProcessor] is not eligible for getting processed by all BeanPostProcessors (for example: not eligible for auto-proxying)
2017-09-09 15:30:30.227  INFO 7112 --- [main] trationDelegate$BeanPostProcessorChecker : Bean 'org.springframework.security.access.expression.method.DefaultMethodSecurityExpressionHandler@42f22995' of type [org.springframework.security.access.expression.method.DefaultMethodSecurityExpressionHandler] is not eligible for getting processed by all BeanPostProcessors (for example: not eligible for auto-proxying)
2017-09-09 15:30:30.233  INFO 7112 --- [main] trationDelegate$BeanPostProcessorChecker : Bean 'org.springframework.security.config.annotation.method.configuration.GlobalMethodSecurityConfiguration' of type [org.springframework.security.config.annotation.method.configuration.GlobalMethodSecurityConfiguration$$EnhancerBySpringCGLIB$$7229765e] is not eligible for getting processed by all BeanPostProcessors (for example: not eligible for auto-proxying)
2017-09-09 15:30:30.249  INFO 7112 --- [main] trationDelegate$BeanPostProcessorChecker : Bean 'methodSecurityMetadataSource' of type [org.springframework.security.access.method.DelegatingMethodSecurityMetadataSource] is not eligible for getting processed by all BeanPostProcessors (for example: not eligible for auto-proxying)
2017-09-09 15:30:30.485  INFO 7112 --- [main] s.b.c.e.t.TomcatEmbeddedServletContainer : Tomcat initialized with port(s): 8080 (http)
2017-09-09 15:30:30.492  INFO 7112 --- [main] o.apache.catalina.core.StandardService   : Starting service Tomcat
2017-09-09 15:30:30.493  INFO 7112 --- [main] org.apache.catalina.core.StandardEngine  : Starting Servlet Engine: Apache Tomcat/8.5.11
2017-09-09 15:30:30.537  INFO 7112 --- [localhost-startStop-1] o.a.c.c.C.[Tomcat].[localhost].[/]       : Initializing Spring embedded WebApplicationContext
2017-09-09 15:30:30.537  INFO 7112 --- [localhost-startStop-1] o.s.web.context.ContextLoader            : Root WebApplicationContext: initialization completed in 2093 ms
2017-09-09 15:30:31.563  INFO 7112 --- [localhost-startStop-1] o.s.b.w.servlet.FilterRegistrationBean   : Mapping filter: 'characterEncodingFilter' to: [/*]
2017-09-09 15:30:31.564  INFO 7112 --- [localhost-startStop-1] o.s.b.w.servlet.FilterRegistrationBean   : Mapping filter: 'hiddenHttpMethodFilter' to: [/*]
2017-09-09 15:30:31.564  INFO 7112 --- [localhost-startStop-1] o.s.b.w.servlet.FilterRegistrationBean   : Mapping filter: 'httpPutFormContentFilter' to: [/*]
2017-09-09 15:30:31.564  INFO 7112 --- [localhost-startStop-1] o.s.b.w.servlet.FilterRegistrationBean   : Mapping filter: 'requestContextFilter' to: [/*]
2017-09-09 15:30:31.565  INFO 7112 --- [localhost-startStop-1] .s.DelegatingFilterProxyRegistrationBean : Mapping filter: 'springSecurityFilterChain' to: [/*]
2017-09-09 15:30:31.565  INFO 7112 --- [localhost-startStop-1] o.s.b.w.servlet.FilterRegistrationBean   : Mapping filter: 'jwtAuthenticationTokenFilter' to: [/*]
2017-09-09 15:30:31.565  INFO 7112 --- [localhost-startStop-1] o.s.b.w.servlet.FilterRegistrationBean   : Mapping filter: 'authenticationTokenFilterBean' to: [/*]
2017-09-09 15:30:31.565  INFO 7112 --- [localhost-startStop-1] o.s.b.w.servlet.ServletRegistrationBean  : Mapping servlet: 'dispatcherServlet' to [/]
2017-09-09 15:30:31.683 ERROR 7112 --- [Thread-2] c.edu.swpu.cins.weike.util.JedisAdapter  : 发生异常Could not get a resource from the pool
2017-09-09 15:30:32.186  INFO 7112 --- [main] o.s.s.web.DefaultSecurityFilterChain     : Creating filter chain: org.springframework.security.web.util.matcher.AnyRequestMatcher@1, [org.springframework.security.web.context.request.async.WebAsyncManagerIntegrationFilter@b2f4ece, org.springframework.security.web.context.SecurityContextPersistenceFilter@6c796cc1, org.springframework.security.web.header.HeaderWriterFilter@63716833, org.springframework.security.web.authentication.logout.LogoutFilter@280d9edc, cn.edu.swpu.cins.weike.config.filter.JwtAuthenticationTokenFilter@123b648c, org.springframework.security.web.savedrequest.RequestCacheAwareFilter@1cb7936c, org.springframework.security.web.servletapi.SecurityContextHolderAwareRequestFilter@2b917fb0, org.springframework.security.web.authentication.AnonymousAuthenticationFilter@7e1f584d, org.springframework.security.web.session.SessionManagementFilter@288cdaab, org.springframework.security.web.access.ExceptionTranslationFilter@3730ab42, org.springframework.security.web.access.intercept.FilterSecurityInterceptor@118102ee]
2017-09-09 15:30:32.300  INFO 7112 --- [main] s.w.s.m.m.a.RequestMappingHandlerAdapter : Looking for @ControllerAdvice: org.springframework.boot.context.embedded.AnnotationConfigEmbeddedWebApplicationContext@61df66b6: startup date [Sat Sep 09 15:30:28 CST 2017]; root of context hierarchy
2017-09-09 15:30:32.357  INFO 7112 --- [main] s.w.s.m.m.a.RequestMappingHandlerMapping : Mapped "{[/weike/student/FindPassword],methods=[POST]}" onto public cn.edu.swpu.cins.weike.entity.view.ResultData cn.edu.swpu.cins.weike.web.AuthController.studentUpdatePassword(cn.edu.swpu.cins.weike.entity.view.UpdatePassword)
2017-09-09 15:30:32.357  INFO 7112 --- [main] s.w.s.m.m.a.RequestMappingHandlerMapping : Mapped "{[/weike/teacher/FindPassword],methods=[POST]}" onto public cn.edu.swpu.cins.weike.entity.view.ResultData cn.edu.swpu.cins.weike.web.AuthController.teacherUpdatePassword(cn.edu.swpu.cins.weike.entity.view.UpdatePassword)
2017-09-09 15:30:32.358  INFO 7112 --- [main] s.w.s.m.m.a.RequestMappingHandlerMapping : Mapped "{[/weike/getVerifyCode],methods=[GET]}" onto public cn.edu.swpu.cins.weike.entity.view.ResultData cn.edu.swpu.cins.weike.web.AuthController.getVerifyCodeForLogin(javax.servlet.http.HttpServletResponse)
2017-09-09 15:30:32.358  INFO 7112 --- [main] s.w.s.m.m.a.RequestMappingHandlerMapping : Mapped "{[/weike/student/login],methods=[POST]}" onto public cn.edu.swpu.cins.weike.entity.view.ResultData cn.edu.swpu.cins.weike.web.AuthController.createStudentAuthenticationToken(cn.edu.swpu.cins.weike.entity.view.JwtAuthenticationRequest,java.lang.String)
2017-09-09 15:30:32.358  INFO 7112 --- [main] s.w.s.m.m.a.RequestMappingHandlerMapping : Mapped "{[/weike/teacher/login],methods=[POST]}" onto public cn.edu.swpu.cins.weike.entity.view.ResultData cn.edu.swpu.cins.weike.web.AuthController.createTeacherAuthenticationToken(cn.edu.swpu.cins.weike.entity.view.JwtAuthenticationRequest,java.lang.String)
2017-09-09 15:30:32.358  INFO 7112 --- [main] s.w.s.m.m.a.RequestMappingHandlerMapping : Mapped "{[/weike/student/GetVerifyCodeForRegister],methods=[GET]}" onto public cn.edu.swpu.cins.weike.entity.view.ResultData cn.edu.swpu.cins.weike.web.AuthController.studentGetVerifyCode(java.lang.String,java.lang.String)
2017-09-09 15:30:32.358  INFO 7112 --- [main] s.w.s.m.m.a.RequestMappingHandlerMapping : Mapped "{[/weike/teacher/GetVerifyCodeForRegister],methods=[GET]}" onto public cn.edu.swpu.cins.weike.entity.view.ResultData cn.edu.swpu.cins.weike.web.AuthController.teacherGetVerifyCode(java.lang.String,java.lang.String)
2017-09-09 15:30:32.358  INFO 7112 --- [main] s.w.s.m.m.a.RequestMappingHandlerMapping : Mapped "{[/weike/student/register],methods=[POST]}" onto public cn.edu.swpu.cins.weike.entity.view.ResultData cn.edu.swpu.cins.weike.web.AuthController.StudentSaveToDB(cn.edu.swpu.cins.weike.entity.view.RegisterStudentVO)
2017-09-09 15:30:32.359  INFO 7112 --- [main] s.w.s.m.m.a.RequestMappingHandlerMapping : Mapped "{[/weike/teacher/register],methods=[POST]}" onto public cn.edu.swpu.cins.weike.entity.view.ResultData cn.edu.swpu.cins.weike.web.AuthController.teacherSaveToDB(cn.edu.swpu.cins.weike.entity.view.RegisterTeacherVO)
2017-09-09 15:30:32.359  INFO 7112 --- [main] s.w.s.m.m.a.RequestMappingHandlerMapping : Mapped "{[/weike/student/getVerifyCodeForFindPassword],methods=[GET]}" onto public cn.edu.swpu.cins.weike.entity.view.ResultData cn.edu.swpu.cins.weike.web.AuthController.studentGetVerifyForUpdate(java.lang.String,java.lang.String)
2017-09-09 15:30:32.359  INFO 7112 --- [main] s.w.s.m.m.a.RequestMappingHandlerMapping : Mapped "{[/weike/teacher/getVerifyCodeForFindPassword],methods=[GET]}" onto public cn.edu.swpu.cins.weike.entity.view.ResultData cn.edu.swpu.cins.weike.web.AuthController.teacherGetVerifyForUpdatePassword(java.lang.String,java.lang.String)
2017-09-09 15:30:32.359  INFO 7112 --- [main] s.w.s.m.m.a.RequestMappingHandlerMapping : Mapped "{[/weike/admin/login],methods=[POST]}" onto public cn.edu.swpu.cins.weike.entity.view.ResultData cn.edu.swpu.cins.weike.web.AuthController.createAdminAuthenticationToken(cn.edu.swpu.cins.weike.entity.view.JwtAuthenticationRequest)
2017-09-09 15:30:32.361  INFO 7112 --- [main] s.w.s.m.m.a.RequestMappingHandlerMapping : Mapped "{[/WeiKe/messageList],methods=[GET]}" onto public cn.edu.swpu.cins.weike.entity.view.ResultData cn.edu.swpu.cins.weike.web.MessageController.getConversationDetail(javax.servlet.http.HttpServletRequest)
2017-09-09 15:30:32.361  INFO 7112 --- [main] s.w.s.m.m.a.RequestMappingHandlerMapping : Mapped "{[/WeiKe/deleteMessage],methods=[POST]}" onto public cn.edu.swpu.cins.weike.entity.view.ResultData cn.edu.swpu.cins.weike.web.MessageController.deleteMessage(cn.edu.swpu.cins.weike.entity.view.MessageDelete)
2017-09-09 15:30:32.361  INFO 7112 --- [main] s.w.s.m.m.a.RequestMappingHandlerMapping : Mapped "{[/WeiKe/acceptApply],methods=[POST]}" onto public cn.edu.swpu.cins.weike.entity.view.ResultData cn.edu.swpu.cins.weike.web.MessageController.acceptJoin(cn.edu.swpu.cins.weike.entity.view.JoinMessage,javax.servlet.http.HttpServletRequest)
2017-09-09 15:30:32.362  INFO 7112 --- [main] s.w.s.m.m.a.RequestMappingHandlerMapping : Mapped "{[/WeiKe/refuseApply],methods=[POST]}" onto public cn.edu.swpu.cins.weike.entity.view.ResultData cn.edu.swpu.cins.weike.web.MessageController.refuseJoin(cn.edu.swpu.cins.weike.entity.view.JoinMessage,javax.servlet.http.HttpServletRequest)
2017-09-09 15:30:32.362  INFO 7112 --- [main] s.w.s.m.m.a.RequestMappingHandlerMapping : Mapped "{[/WeiKe/proFollower],methods=[GET]}" onto public cn.edu.swpu.cins.weike.entity.view.ResultData cn.edu.swpu.cins.weike.web.MessageController.queryProFollower(java.lang.String)
2017-09-09 15:30:32.362  INFO 7112 --- [main] s.w.s.m.m.a.RequestMappingHandlerMapping : Mapped "{[/WeiKe/sendMessage],methods=[POST]}" onto public cn.edu.swpu.cins.weike.entity.view.ResultData cn.edu.swpu.cins.weike.web.MessageController.sendMessage(cn.edu.swpu.cins.weike.entity.view.MessageView,javax.servlet.http.HttpServletRequest)
2017-09-09 15:30:32.362  INFO 7112 --- [main] s.w.s.m.m.a.RequestMappingHandlerMapping : Mapped "{[/WeiKe/followPro],methods=[POST]}" onto public cn.edu.swpu.cins.weike.entity.view.ResultData cn.edu.swpu.cins.weike.web.MessageController.attentionPro(cn.edu.swpu.cins.weike.entity.view.FollowPro,javax.servlet.http.HttpServletRequest)
2017-09-09 15:30:32.362  INFO 7112 --- [main] s.w.s.m.m.a.RequestMappingHandlerMapping : Mapped "{[/WeiKe/unFollowPro],methods=[POST]}" onto public cn.edu.swpu.cins.weike.entity.view.ResultData cn.edu.swpu.cins.weike.web.MessageController.unAttentionPro(cn.edu.swpu.cins.weike.entity.view.FollowPro,javax.servlet.http.HttpServletRequest)
2017-09-09 15:30:32.363  INFO 7112 --- [main] s.w.s.m.m.a.RequestMappingHandlerMapping : Mapped "{[/WeiKe/projectsByWords],methods=[GET]}" onto public cn.edu.swpu.cins.weike.entity.view.ResultData cn.edu.swpu.cins.weike.web.ProjectController.queryByKeyWords(java.lang.String)
2017-09-09 15:30:32.363  INFO 7112 --- [main] s.w.s.m.m.a.RequestMappingHandlerMapping : Mapped "{[/WeiKe/index],methods=[GET]}" onto public cn.edu.swpu.cins.weike.entity.view.ResultData cn.edu.swpu.cins.weike.web.ProjectController.queryForIndex()
2017-09-09 15:30:32.364  INFO 7112 --- [main] s.w.s.m.m.a.RequestMappingHandlerMapping : Mapped "{[/WeiKe/projects],methods=[GET]}" onto public cn.edu.swpu.cins.weike.entity.view.ResultData cn.edu.swpu.cins.weike.web.ProjectController.queryAll(int,int)
2017-09-09 15:30:32.364  INFO 7112 --- [main] s.w.s.m.m.a.RequestMappingHandlerMapping : Mapped "{[/WeiKe/projectName],methods=[GET]}" onto public cn.edu.swpu.cins.weike.entity.view.ResultData cn.edu.swpu.cins.weike.web.ProjectController.queryForProjectByName(java.lang.String)
2017-09-09 15:30:32.365  INFO 7112 --- [main] s.w.s.m.m.a.RequestMappingHandlerMapping : Mapped "{[/WeiKe/student/allProject],methods=[GET]}" onto public cn.edu.swpu.cins.weike.entity.view.ResultData cn.edu.swpu.cins.weike.web.StudentController.queryAllProject(javax.servlet.http.HttpServletRequest)
2017-09-09 15:30:32.365  INFO 7112 --- [main] s.w.s.m.m.a.RequestMappingHandlerMapping : Mapped "{[/WeiKe/student/personalData],methods=[GET]}" onto public cn.edu.swpu.cins.weike.entity.view.ResultData cn.edu.swpu.cins.weike.web.StudentController.queryForData(javax.servlet.http.HttpServletRequest)
2017-09-09 15:30:32.366  INFO 7112 --- [main] s.w.s.m.m.a.RequestMappingHandlerMapping : Mapped "{[/WeiKe/student/updateInfo],methods=[POST]}" onto public cn.edu.swpu.cins.weike.entity.view.ResultData cn.edu.swpu.cins.weike.web.StudentController.updateInfo(cn.edu.swpu.cins.weike.entity.persistence.StudentDetail,javax.servlet.http.HttpServletRequest)
2017-09-09 15:30:32.366  INFO 7112 --- [main] s.w.s.m.m.a.RequestMappingHandlerMapping : Mapped "{[/WeiKe/student/addPersonalDeail],methods=[POST]}" onto public cn.edu.swpu.cins.weike.entity.view.ResultData cn.edu.swpu.cins.weike.web.StudentController.addPersonalDetail(cn.edu.swpu.cins.weike.entity.persistence.StudentDetail,javax.servlet.http.HttpServletRequest)
2017-09-09 15:30:32.366  INFO 7112 --- [main] s.w.s.m.m.a.RequestMappingHandlerMapping : Mapped "{[/WeiKe/student/projetName],methods=[GET]}" onto public cn.edu.swpu.cins.weike.entity.view.ResultData cn.edu.swpu.cins.weike.web.StudentController.queryApplyInfo(java.lang.String)
2017-09-09 15:30:32.366  INFO 7112 --- [main] s.w.s.m.m.a.RequestMappingHandlerMapping : Mapped "{[/WeiKe/student/addProject],methods=[POST]}" onto public cn.edu.swpu.cins.weike.entity.view.ResultData cn.edu.swpu.cins.weike.web.StudentController.publishProject(cn.edu.swpu.cins.weike.entity.persistence.ProjectInfo,javax.servlet.http.HttpServletRequest)
2017-09-09 15:30:32.367  INFO 7112 --- [main] s.w.s.m.m.a.RequestMappingHandlerMapping : Mapped "{[/WeiKe/teacher/allProject],methods=[GET]}" onto public cn.edu.swpu.cins.weike.entity.view.ResultData cn.edu.swpu.cins.weike.web.TeacherController.queryAllProject(javax.servlet.http.HttpServletRequest)
2017-09-09 15:30:32.368  INFO 7112 --- [main] s.w.s.m.m.a.RequestMappingHandlerMapping : Mapped "{[/WeiKe/teacher/personalData],methods=[GET]}" onto public cn.edu.swpu.cins.weike.entity.view.ResultData cn.edu.swpu.cins.weike.web.TeacherController.queryForData(javax.servlet.http.HttpServletRequest)
2017-09-09 15:30:32.368  INFO 7112 --- [main] s.w.s.m.m.a.RequestMappingHandlerMapping : Mapped "{[/WeiKe/teacher/updateInfo],methods=[POST]}" onto public cn.edu.swpu.cins.weike.entity.view.ResultData cn.edu.swpu.cins.weike.web.TeacherController.updateInfo(cn.edu.swpu.cins.weike.entity.persistence.TeacherDetail,javax.servlet.http.HttpServletRequest)
2017-09-09 15:30:32.368  INFO 7112 --- [main] s.w.s.m.m.a.RequestMappingHandlerMapping : Mapped "{[/WeiKe/teacher/addPersonal],methods=[POST]}" onto public cn.edu.swpu.cins.weike.entity.view.ResultData cn.edu.swpu.cins.weike.web.TeacherController.addTeacherPersonal(cn.edu.swpu.cins.weike.entity.persistence.TeacherDetail,javax.servlet.http.HttpServletRequest)
2017-09-09 15:30:32.368  INFO 7112 --- [main] s.w.s.m.m.a.RequestMappingHandlerMapping : Mapped "{[/WeiKe/teacher/addProject],methods=[POST]}" onto public cn.edu.swpu.cins.weike.entity.view.ResultData cn.edu.swpu.cins.weike.web.TeacherController.publishProject(cn.edu.swpu.cins.weike.entity.persistence.ProjectInfo,javax.servlet.http.HttpServletRequest)
2017-09-09 15:30:32.370  INFO 7112 --- [main] s.w.s.m.m.a.RequestMappingHandlerMapping : Mapped "{[/error],produces=[text/html]}" onto public org.springframework.web.servlet.ModelAndView org.springframework.boot.autoconfigure.web.BasicErrorController.errorHtml(javax.servlet.http.HttpServletRequest,javax.servlet.http.HttpServletResponse)
2017-09-09 15:30:32.370  INFO 7112 --- [main] s.w.s.m.m.a.RequestMappingHandlerMapping : Mapped "{[/error]}" onto public org.springframework.http.ResponseEntity<java.util.Map<java.lang.String, java.lang.Object>> org.springframework.boot.autoconfigure.web.BasicErrorController.error(javax.servlet.http.HttpServletRequest)
2017-09-09 15:30:32.451  INFO 7112 --- [main] o.s.w.s.handler.SimpleUrlHandlerMapping  : Mapped URL path [/webjars/**] onto handler of type [class org.springframework.web.servlet.resource.ResourceHttpRequestHandler]
2017-09-09 15:30:32.452  INFO 7112 --- [main] o.s.w.s.handler.SimpleUrlHandlerMapping  : Mapped URL path [/**] onto handler of type [class org.springframework.web.servlet.resource.ResourceHttpRequestHandler]
2017-09-09 15:30:32.517  INFO 7112 --- [main] o.s.w.s.handler.SimpleUrlHandlerMapping  : Mapped URL path [/**/favicon.ico] onto handler of type [class org.springframework.web.servlet.resource.ResourceHttpRequestHandler]
2017-09-09 15:30:33.061  INFO 7112 --- [main] o.s.j.e.a.AnnotationMBeanExporter        : Registering beans for JMX exposure on startup
2017-09-09 15:30:33.101  INFO 7112 --- [main] s.b.c.e.t.TomcatEmbeddedServletContainer : Tomcat started on port(s): 8080 (http)
2017-09-09 15:30:33.105  INFO 7112 --- [main] cn.edu.swpu.cins.weike.WeikeApplication  : Started WeikeApplication in 5.329 seconds (JVM running for 6.146)
2017-09-09 15:31:47.544  INFO 7112 --- [Thread-6] ationConfigEmbeddedWebApplicationContext : Closing org.springframework.boot.context.embedded.AnnotationConfigEmbeddedWebApplicationContext@61df66b6: startup date [Sat Sep 09 15:30:28 CST 2017]; root of context hierarchy
2017-09-09 15:31:47.548  INFO 7112 --- [Thread-6] o.s.j.e.a.AnnotationMBeanExporter        : Unregistering JMX-exposed beans on shutdown
2017-09-09 15:31:49.430  INFO 7253 --- [main] cn.edu.swpu.cins.weike.WeikeApplication  : Starting WeikeApplication on yang with PID 7253 (/home/yang/idea_work_space/weike/out/production/classes started by yang in /home/yang/idea_work_space/weike)
2017-09-09 15:31:49.434  INFO 7253 --- [main] cn.edu.swpu.cins.weike.WeikeApplication  : No active profile set, falling back to default profiles: default
2017-09-09 15:31:49.472  INFO 7253 --- [main] ationConfigEmbeddedWebApplicationContext : Refreshing org.springframework.boot.context.embedded.AnnotationConfigEmbeddedWebApplicationContext@61df66b6: startup date [Sat Sep 09 15:31:49 CST 2017]; root of context hierarchy
2017-09-09 15:31:50.775  INFO 7253 --- [main] .s.d.r.c.RepositoryConfigurationDelegate : Multiple Spring Data modules found, entering strict repository configuration mode!
2017-09-09 15:31:51.194  INFO 7253 --- [main] trationDelegate$BeanPostProcessorChecker : Bean 'org.springframework.transaction.annotation.ProxyTransactionManagementConfiguration' of type [org.springframework.transaction.annotation.ProxyTransactionManagementConfiguration$$EnhancerBySpringCGLIB$$b4a70b72] is not eligible for getting processed by all BeanPostProcessors (for example: not eligible for auto-proxying)
2017-09-09 15:31:51.317  INFO 7253 --- [main] trationDelegate$BeanPostProcessorChecker : Bean 'org.springframework.security.config.annotation.configuration.ObjectPostProcessorConfiguration' of type [org.springframework.security.config.annotation.configuration.ObjectPostProcessorConfiguration$$EnhancerBySpringCGLIB$$4d54d3ac] is not eligible for getting processed by all BeanPostProcessors (for example: not eligible for auto-proxying)
2017-09-09 15:31:51.332  INFO 7253 --- [main] trationDelegate$BeanPostProcessorChecker : Bean 'objectPostProcessor' of type [org.springframework.security.config.annotation.configuration.AutowireBeanFactoryObjectPostProcessor] is not eligible for getting processed by all BeanPostProcessors (for example: not eligible for auto-proxying)
2017-09-09 15:31:51.339  INFO 7253 --- [main] trationDelegate$BeanPostProcessorChecker : Bean 'org.springframework.security.access.expression.method.DefaultMethodSecurityExpressionHandler@42f22995' of type [org.springframework.security.access.expression.method.DefaultMethodSecurityExpressionHandler] is not eligible for getting processed by all BeanPostProcessors (for example: not eligible for auto-proxying)
2017-09-09 15:31:51.347  INFO 7253 --- [main] trationDelegate$BeanPostProcessorChecker : Bean 'org.springframework.security.config.annotation.method.configuration.GlobalMethodSecurityConfiguration' of type [org.springframework.security.config.annotation.method.configuration.GlobalMethodSecurityConfiguration$$EnhancerBySpringCGLIB$$7229765e] is not eligible for getting processed by all BeanPostProcessors (for example: not eligible for auto-proxying)
2017-09-09 15:31:51.363  INFO 7253 --- [main] trationDelegate$BeanPostProcessorChecker : Bean 'methodSecurityMetadataSource' of type [org.springframework.security.access.method.DelegatingMethodSecurityMetadataSource] is not eligible for getting processed by all BeanPostProcessors (for example: not eligible for auto-proxying)
2017-09-09 15:31:51.620  INFO 7253 --- [main] s.b.c.e.t.TomcatEmbeddedServletContainer : Tomcat initialized with port(s): 8080 (http)
2017-09-09 15:31:51.627  INFO 7253 --- [main] o.apache.catalina.core.StandardService   : Starting service Tomcat
2017-09-09 15:31:51.628  INFO 7253 --- [main] org.apache.catalina.core.StandardEngine  : Starting Servlet Engine: Apache Tomcat/8.5.11
2017-09-09 15:31:51.674  INFO 7253 --- [localhost-startStop-1] o.a.c.c.C.[Tomcat].[localhost].[/]       : Initializing Spring embedded WebApplicationContext
2017-09-09 15:31:51.674  INFO 7253 --- [localhost-startStop-1] o.s.web.context.ContextLoader            : Root WebApplicationContext: initialization completed in 2205 ms
2017-09-09 15:31:52.676  INFO 7253 --- [localhost-startStop-1] o.s.b.w.servlet.FilterRegistrationBean   : Mapping filter: 'characterEncodingFilter' to: [/*]
2017-09-09 15:31:52.677  INFO 7253 --- [localhost-startStop-1] o.s.b.w.servlet.FilterRegistrationBean   : Mapping filter: 'hiddenHttpMethodFilter' to: [/*]
2017-09-09 15:31:52.677  INFO 7253 --- [localhost-startStop-1] o.s.b.w.servlet.FilterRegistrationBean   : Mapping filter: 'httpPutFormContentFilter' to: [/*]
2017-09-09 15:31:52.677  INFO 7253 --- [localhost-startStop-1] o.s.b.w.servlet.FilterRegistrationBean   : Mapping filter: 'requestContextFilter' to: [/*]
2017-09-09 15:31:52.678  INFO 7253 --- [localhost-startStop-1] .s.DelegatingFilterProxyRegistrationBean : Mapping filter: 'springSecurityFilterChain' to: [/*]
2017-09-09 15:31:52.679  INFO 7253 --- [localhost-startStop-1] o.s.b.w.servlet.FilterRegistrationBean   : Mapping filter: 'jwtAuthenticationTokenFilter' to: [/*]
2017-09-09 15:31:52.679  INFO 7253 --- [localhost-startStop-1] o.s.b.w.servlet.FilterRegistrationBean   : Mapping filter: 'authenticationTokenFilterBean' to: [/*]
2017-09-09 15:31:52.679  INFO 7253 --- [localhost-startStop-1] o.s.b.w.servlet.ServletRegistrationBean  : Mapping servlet: 'dispatcherServlet' to [/]
2017-09-09 15:31:52.785 ERROR 7253 --- [Thread-2] c.edu.swpu.cins.weike.util.JedisAdapter  : 发生异常Could not get a resource from the pool
2017-09-09 15:31:53.181  INFO 7253 --- [main] o.s.s.web.DefaultSecurityFilterChain     : Creating filter chain: org.springframework.security.web.util.matcher.AnyRequestMatcher@1, [org.springframework.security.web.context.request.async.WebAsyncManagerIntegrationFilter@b2f4ece, org.springframework.security.web.context.SecurityContextPersistenceFilter@6c796cc1, org.springframework.security.web.header.HeaderWriterFilter@63716833, org.springframework.security.web.authentication.logout.LogoutFilter@280d9edc, cn.edu.swpu.cins.weike.config.filter.JwtAuthenticationTokenFilter@1920812c, org.springframework.security.web.savedrequest.RequestCacheAwareFilter@1cb7936c, org.springframework.security.web.servletapi.SecurityContextHolderAwareRequestFilter@2b917fb0, org.springframework.security.web.authentication.AnonymousAuthenticationFilter@7e1f584d, org.springframework.security.web.session.SessionManagementFilter@288cdaab, org.springframework.security.web.access.ExceptionTranslationFilter@3730ab42, org.springframework.security.web.access.intercept.FilterSecurityInterceptor@118102ee]
2017-09-09 15:31:53.282  INFO 7253 --- [main] s.w.s.m.m.a.RequestMappingHandlerAdapter : Looking for @ControllerAdvice: org.springframework.boot.context.embedded.AnnotationConfigEmbeddedWebApplicationContext@61df66b6: startup date [Sat Sep 09 15:31:49 CST 2017]; root of context hierarchy
2017-09-09 15:31:53.336  INFO 7253 --- [main] s.w.s.m.m.a.RequestMappingHandlerMapping : Mapped "{[/weike/student/FindPassword],methods=[POST]}" onto public cn.edu.swpu.cins.weike.entity.view.ResultData cn.edu.swpu.cins.weike.web.AuthController.studentUpdatePassword(cn.edu.swpu.cins.weike.entity.view.UpdatePassword)
2017-09-09 15:31:53.337  INFO 7253 --- [main] s.w.s.m.m.a.RequestMappingHandlerMapping : Mapped "{[/weike/teacher/FindPassword],methods=[POST]}" onto public cn.edu.swpu.cins.weike.entity.view.ResultData cn.edu.swpu.cins.weike.web.AuthController.teacherUpdatePassword(cn.edu.swpu.cins.weike.entity.view.UpdatePassword)
2017-09-09 15:31:53.337  INFO 7253 --- [main] s.w.s.m.m.a.RequestMappingHandlerMapping : Mapped "{[/weike/getVerifyCode],methods=[GET]}" onto public cn.edu.swpu.cins.weike.entity.view.ResultData cn.edu.swpu.cins.weike.web.AuthController.getVerifyCodeForLogin(javax.servlet.http.HttpServletResponse)
2017-09-09 15:31:53.337  INFO 7253 --- [main] s.w.s.m.m.a.RequestMappingHandlerMapping : Mapped "{[/weike/student/login],methods=[POST]}" onto public cn.edu.swpu.cins.weike.entity.view.ResultData cn.edu.swpu.cins.weike.web.AuthController.createStudentAuthenticationToken(cn.edu.swpu.cins.weike.entity.view.JwtAuthenticationRequest,java.lang.String)
2017-09-09 15:31:53.338  INFO 7253 --- [main] s.w.s.m.m.a.RequestMappingHandlerMapping : Mapped "{[/weike/teacher/login],methods=[POST]}" onto public cn.edu.swpu.cins.weike.entity.view.ResultData cn.edu.swpu.cins.weike.web.AuthController.createTeacherAuthenticationToken(cn.edu.swpu.cins.weike.entity.view.JwtAuthenticationRequest,java.lang.String)
2017-09-09 15:31:53.338  INFO 7253 --- [main] s.w.s.m.m.a.RequestMappingHandlerMapping : Mapped "{[/weike/student/GetVerifyCodeForRegister],methods=[GET]}" onto public cn.edu.swpu.cins.weike.entity.view.ResultData cn.edu.swpu.cins.weike.web.AuthController.studentGetVerifyCode(java.lang.String,java.lang.String)
2017-09-09 15:31:53.338  INFO 7253 --- [main] s.w.s.m.m.a.RequestMappingHandlerMapping : Mapped "{[/weike/teacher/GetVerifyCodeForRegister],methods=[GET]}" onto public cn.edu.swpu.cins.weike.entity.view.ResultData cn.edu.swpu.cins.weike.web.AuthController.teacherGetVerifyCode(java.lang.String,java.lang.String)
2017-09-09 15:31:53.338  INFO 7253 --- [main] s.w.s.m.m.a.RequestMappingHandlerMapping : Mapped "{[/weike/student/register],methods=[POST]}" onto public cn.edu.swpu.cins.weike.entity.view.ResultData cn.edu.swpu.cins.weike.web.AuthController.StudentSaveToDB(cn.edu.swpu.cins.weike.entity.view.RegisterStudentVO)
2017-09-09 15:31:53.338  INFO 7253 --- [main] s.w.s.m.m.a.RequestMappingHandlerMapping : Mapped "{[/weike/teacher/register],methods=[POST]}" onto public cn.edu.swpu.cins.weike.entity.view.ResultData cn.edu.swpu.cins.weike.web.AuthController.teacherSaveToDB(cn.edu.swpu.cins.weike.entity.view.RegisterTeacherVO)
2017-09-09 15:31:53.338  INFO 7253 --- [main] s.w.s.m.m.a.RequestMappingHandlerMapping : Mapped "{[/weike/student/getVerifyCodeForFindPassword],methods=[GET]}" onto public cn.edu.swpu.cins.weike.entity.view.ResultData cn.edu.swpu.cins.weike.web.AuthController.studentGetVerifyForUpdate(java.lang.String,java.lang.String)
2017-09-09 15:31:53.338  INFO 7253 --- [main] s.w.s.m.m.a.RequestMappingHandlerMapping : Mapped "{[/weike/teacher/getVerifyCodeForFindPassword],methods=[GET]}" onto public cn.edu.swpu.cins.weike.entity.view.ResultData cn.edu.swpu.cins.weike.web.AuthController.teacherGetVerifyForUpdatePassword(java.lang.String,java.lang.String)
2017-09-09 15:31:53.339  INFO 7253 --- [main] s.w.s.m.m.a.RequestMappingHandlerMapping : Mapped "{[/weike/admin/login],methods=[POST]}" onto public cn.edu.swpu.cins.weike.entity.view.ResultData cn.edu.swpu.cins.weike.web.AuthController.createAdminAuthenticationToken(cn.edu.swpu.cins.weike.entity.view.JwtAuthenticationRequest)
2017-09-09 15:31:53.342  INFO 7253 --- [main] s.w.s.m.m.a.RequestMappingHandlerMapping : Mapped "{[/WeiKe/messageList],methods=[GET]}" onto public cn.edu.swpu.cins.weike.entity.view.ResultData cn.edu.swpu.cins.weike.web.MessageController.getConversationDetail(javax.servlet.http.HttpServletRequest)
2017-09-09 15:31:53.342  INFO 7253 --- [main] s.w.s.m.m.a.RequestMappingHandlerMapping : Mapped "{[/WeiKe/deleteMessage],methods=[POST]}" onto public cn.edu.swpu.cins.weike.entity.view.ResultData cn.edu.swpu.cins.weike.web.MessageController.deleteMessage(cn.edu.swpu.cins.weike.entity.view.MessageDelete)
2017-09-09 15:31:53.342  INFO 7253 --- [main] s.w.s.m.m.a.RequestMappingHandlerMapping : Mapped "{[/WeiKe/acceptApply],methods=[POST]}" onto public cn.edu.swpu.cins.weike.entity.view.ResultData cn.edu.swpu.cins.weike.web.MessageController.acceptJoin(cn.edu.swpu.cins.weike.entity.view.JoinMessage,javax.servlet.http.HttpServletRequest)
2017-09-09 15:31:53.342  INFO 7253 --- [main] s.w.s.m.m.a.RequestMappingHandlerMapping : Mapped "{[/WeiKe/refuseApply],methods=[POST]}" onto public cn.edu.swpu.cins.weike.entity.view.ResultData cn.edu.swpu.cins.weike.web.MessageController.refuseJoin(cn.edu.swpu.cins.weike.entity.view.JoinMessage,javax.servlet.http.HttpServletRequest)
2017-09-09 15:31:53.342  INFO 7253 --- [main] s.w.s.m.m.a.RequestMappingHandlerMapping : Mapped "{[/WeiKe/proFollower],methods=[GET]}" onto public cn.edu.swpu.cins.weike.entity.view.ResultData cn.edu.swpu.cins.weike.web.MessageController.queryProFollower(java.lang.String)
2017-09-09 15:31:53.343  INFO 7253 --- [main] s.w.s.m.m.a.RequestMappingHandlerMapping : Mapped "{[/WeiKe/sendMessage],methods=[POST]}" onto public cn.edu.swpu.cins.weike.entity.view.ResultData cn.edu.swpu.cins.weike.web.MessageController.sendMessage(cn.edu.swpu.cins.weike.entity.view.MessageView,javax.servlet.http.HttpServletRequest)
2017-09-09 15:31:53.343  INFO 7253 --- [main] s.w.s.m.m.a.RequestMappingHandlerMapping : Mapped "{[/WeiKe/followPro],methods=[POST]}" onto public cn.edu.swpu.cins.weike.entity.view.ResultData cn.edu.swpu.cins.weike.web.MessageController.attentionPro(cn.edu.swpu.cins.weike.entity.view.FollowPro,javax.servlet.http.HttpServletRequest)
2017-09-09 15:31:53.343  INFO 7253 --- [main] s.w.s.m.m.a.RequestMappingHandlerMapping : Mapped "{[/WeiKe/unFollowPro],methods=[POST]}" onto public cn.edu.swpu.cins.weike.entity.view.ResultData cn.edu.swpu.cins.weike.web.MessageController.unAttentionPro(cn.edu.swpu.cins.weike.entity.view.FollowPro,javax.servlet.http.HttpServletRequest)
2017-09-09 15:31:53.344  INFO 7253 --- [main] s.w.s.m.m.a.RequestMappingHandlerMapping : Mapped "{[/WeiKe/projectsByWords],methods=[GET]}" onto public cn.edu.swpu.cins.weike.entity.view.ResultData cn.edu.swpu.cins.weike.web.ProjectController.queryByKeyWords(java.lang.String)
2017-09-09 15:31:53.344  INFO 7253 --- [main] s.w.s.m.m.a.RequestMappingHandlerMapping : Mapped "{[/WeiKe/index],methods=[GET]}" onto public cn.edu.swpu.cins.weike.entity.view.ResultData cn.edu.swpu.cins.weike.web.ProjectController.queryForIndex()
2017-09-09 15:31:53.345  INFO 7253 --- [main] s.w.s.m.m.a.RequestMappingHandlerMapping : Mapped "{[/WeiKe/projects],methods=[GET]}" onto public cn.edu.swpu.cins.weike.entity.view.ResultData cn.edu.swpu.cins.weike.web.ProjectController.queryAll(int,int)
2017-09-09 15:31:53.345  INFO 7253 --- [main] s.w.s.m.m.a.RequestMappingHandlerMapping : Mapped "{[/WeiKe/projectName],methods=[GET]}" onto public cn.edu.swpu.cins.weike.entity.view.ResultData cn.edu.swpu.cins.weike.web.ProjectController.queryForProjectByName(java.lang.String)
2017-09-09 15:31:53.346  INFO 7253 --- [main] s.w.s.m.m.a.RequestMappingHandlerMapping : Mapped "{[/WeiKe/student/allProject],methods=[GET]}" onto public cn.edu.swpu.cins.weike.entity.view.ResultData cn.edu.swpu.cins.weike.web.StudentController.queryAllProject(javax.servlet.http.HttpServletRequest)
2017-09-09 15:31:53.347  INFO 7253 --- [main] s.w.s.m.m.a.RequestMappingHandlerMapping : Mapped "{[/WeiKe/student/personalData],methods=[GET]}" onto public cn.edu.swpu.cins.weike.entity.view.ResultData cn.edu.swpu.cins.weike.web.StudentController.queryForData(javax.servlet.http.HttpServletRequest)
2017-09-09 15:31:53.348  INFO 7253 --- [main] s.w.s.m.m.a.RequestMappingHandlerMapping : Mapped "{[/WeiKe/student/updateInfo],methods=[POST]}" onto public cn.edu.swpu.cins.weike.entity.view.ResultData cn.edu.swpu.cins.weike.web.StudentController.updateInfo(cn.edu.swpu.cins.weike.entity.persistence.StudentDetail,javax.servlet.http.HttpServletRequest)
2017-09-09 15:31:53.348  INFO 7253 --- [main] s.w.s.m.m.a.RequestMappingHandlerMapping : Mapped "{[/WeiKe/student/addPersonalDeail],methods=[POST]}" onto public cn.edu.swpu.cins.weike.entity.view.ResultData cn.edu.swpu.cins.weike.web.StudentController.addPersonalDetail(cn.edu.swpu.cins.weike.entity.persistence.StudentDetail,javax.servlet.http.HttpServletRequest)
2017-09-09 15:31:53.348  INFO 7253 --- [main] s.w.s.m.m.a.RequestMappingHandlerMapping : Mapped "{[/WeiKe/student/projetName],methods=[GET]}" onto public cn.edu.swpu.cins.weike.entity.view.ResultData cn.edu.swpu.cins.weike.web.StudentController.queryApplyInfo(java.lang.String)
2017-09-09 15:31:53.348  INFO 7253 --- [main] s.w.s.m.m.a.RequestMappingHandlerMapping : Mapped "{[/WeiKe/student/addProject],methods=[POST]}" onto public cn.edu.swpu.cins.weike.entity.view.ResultData cn.edu.swpu.cins.weike.web.StudentController.publishProject(cn.edu.swpu.cins.weike.entity.persistence.ProjectInfo,javax.servlet.http.HttpServletRequest)
2017-09-09 15:31:53.350  INFO 7253 --- [main] s.w.s.m.m.a.RequestMappingHandlerMapping : Mapped "{[/WeiKe/teacher/allProject],methods=[GET]}" onto public cn.edu.swpu.cins.weike.entity.view.ResultData cn.edu.swpu.cins.weike.web.TeacherController.queryAllProject(javax.servlet.http.HttpServletRequest)
2017-09-09 15:31:53.351  INFO 7253 --- [main] s.w.s.m.m.a.RequestMappingHandlerMapping : Mapped "{[/WeiKe/teacher/personalData],methods=[GET]}" onto public cn.edu.swpu.cins.weike.entity.view.ResultData cn.edu.swpu.cins.weike.web.TeacherController.queryForData(javax.servlet.http.HttpServletRequest)
2017-09-09 15:31:53.351  INFO 7253 --- [main] s.w.s.m.m.a.RequestMappingHandlerMapping : Mapped "{[/WeiKe/teacher/updateInfo],methods=[POST]}" onto public cn.edu.swpu.cins.weike.entity.view.ResultData cn.edu.swpu.cins.weike.web.TeacherController.updateInfo(cn.edu.swpu.cins.weike.entity.persistence.TeacherDetail,javax.servlet.http.HttpServletRequest)
2017-09-09 15:31:53.351  INFO 7253 --- [main] s.w.s.m.m.a.RequestMappingHandlerMapping : Mapped "{[/WeiKe/teacher/addPersonal],methods=[POST]}" onto public cn.edu.swpu.cins.weike.entity.view.ResultData cn.edu.swpu.cins.weike.web.TeacherController.addTeacherPersonal(cn.edu.swpu.cins.weike.entity.persistence.TeacherDetail,javax.servlet.http.HttpServletRequest)
2017-09-09 15:31:53.351  INFO 7253 --- [main] s.w.s.m.m.a.RequestMappingHandlerMapping : Mapped "{[/WeiKe/teacher/addProject],methods=[POST]}" onto public cn.edu.swpu.cins.weike.entity.view.ResultData cn.edu.swpu.cins.weike.web.TeacherController.publishProject(cn.edu.swpu.cins.weike.entity.persistence.ProjectInfo,javax.servlet.http.HttpServletRequest)
2017-09-09 15:31:53.353  INFO 7253 --- [main] s.w.s.m.m.a.RequestMappingHandlerMapping : Mapped "{[/error],produces=[text/html]}" onto public org.springframework.web.servlet.ModelAndView org.springframework.boot.autoconfigure.web.BasicErrorController.errorHtml(javax.servlet.http.HttpServletRequest,javax.servlet.http.HttpServletResponse)
2017-09-09 15:31:53.353  INFO 7253 --- [main] s.w.s.m.m.a.RequestMappingHandlerMapping : Mapped "{[/error]}" onto public org.springframework.http.ResponseEntity<java.util.Map<java.lang.String, java.lang.Object>> org.springframework.boot.autoconfigure.web.BasicErrorController.error(javax.servlet.http.HttpServletRequest)
2017-09-09 15:31:53.412  INFO 7253 --- [main] o.s.w.s.handler.SimpleUrlHandlerMapping  : Mapped URL path [/webjars/**] onto handler of type [class org.springframework.web.servlet.resource.ResourceHttpRequestHandler]
2017-09-09 15:31:53.412  INFO 7253 --- [main] o.s.w.s.handler.SimpleUrlHandlerMapping  : Mapped URL path [/**] onto handler of type [class org.springframework.web.servlet.resource.ResourceHttpRequestHandler]
2017-09-09 15:31:53.464  INFO 7253 --- [main] o.s.w.s.handler.SimpleUrlHandlerMapping  : Mapped URL path [/**/favicon.ico] onto handler of type [class org.springframework.web.servlet.resource.ResourceHttpRequestHandler]
2017-09-09 15:31:53.987  INFO 7253 --- [main] o.s.j.e.a.AnnotationMBeanExporter        : Registering beans for JMX exposure on startup
2017-09-09 15:31:54.021  INFO 7253 --- [main] s.b.c.e.t.TomcatEmbeddedServletContainer : Tomcat started on port(s): 8080 (http)
2017-09-09 15:31:54.025  INFO 7253 --- [main] cn.edu.swpu.cins.weike.WeikeApplication  : Started WeikeApplication in 4.929 seconds (JVM running for 5.718)
2017-09-09 15:34:25.554  INFO 7253 --- [Thread-6] ationConfigEmbeddedWebApplicationContext : Closing org.springframework.boot.context.embedded.AnnotationConfigEmbeddedWebApplicationContext@61df66b6: startup date [Sat Sep 09 15:31:49 CST 2017]; root of context hierarchy
2017-09-09 15:34:25.559  INFO 7253 --- [Thread-6] o.s.j.e.a.AnnotationMBeanExporter        : Unregistering JMX-exposed beans on shutdown
2017-09-09 15:34:27.824  INFO 7396 --- [main] cn.edu.swpu.cins.weike.WeikeApplication  : Starting WeikeApplication on yang with PID 7396 (/home/yang/idea_work_space/weike/out/production/classes started by yang in /home/yang/idea_work_space/weike)
2017-09-09 15:34:27.830  INFO 7396 --- [main] cn.edu.swpu.cins.weike.WeikeApplication  : No active profile set, falling back to default profiles: default
2017-09-09 15:34:27.902  INFO 7396 --- [main] ationConfigEmbeddedWebApplicationContext : Refreshing org.springframework.boot.context.embedded.AnnotationConfigEmbeddedWebApplicationContext@188715b5: startup date [Sat Sep 09 15:34:27 CST 2017]; root of context hierarchy
2017-09-09 15:34:29.053  INFO 7396 --- [main] .s.d.r.c.RepositoryConfigurationDelegate : Multiple Spring Data modules found, entering strict repository configuration mode!
2017-09-09 15:34:29.431  INFO 7396 --- [main] trationDelegate$BeanPostProcessorChecker : Bean 'org.springframework.transaction.annotation.ProxyTransactionManagementConfiguration' of type [org.springframework.transaction.annotation.ProxyTransactionManagementConfiguration$$EnhancerBySpringCGLIB$$b8f09e7e] is not eligible for getting processed by all BeanPostProcessors (for example: not eligible for auto-proxying)
2017-09-09 15:34:29.530  INFO 7396 --- [main] trationDelegate$BeanPostProcessorChecker : Bean 'org.springframework.security.config.annotation.configuration.ObjectPostProcessorConfiguration' of type [org.springframework.security.config.annotation.configuration.ObjectPostProcessorConfiguration$$EnhancerBySpringCGLIB$$519e66b8] is not eligible for getting processed by all BeanPostProcessors (for example: not eligible for auto-proxying)
2017-09-09 15:34:29.540  INFO 7396 --- [main] trationDelegate$BeanPostProcessorChecker : Bean 'objectPostProcessor' of type [org.springframework.security.config.annotation.configuration.AutowireBeanFactoryObjectPostProcessor] is not eligible for getting processed by all BeanPostProcessors (for example: not eligible for auto-proxying)
2017-09-09 15:34:29.545  INFO 7396 --- [main] trationDelegate$BeanPostProcessorChecker : Bean 'org.springframework.security.access.expression.method.DefaultMethodSecurityExpressionHandler@29182679' of type [org.springframework.security.access.expression.method.DefaultMethodSecurityExpressionHandler] is not eligible for getting processed by all BeanPostProcessors (for example: not eligible for auto-proxying)
2017-09-09 15:34:29.554  INFO 7396 --- [main] trationDelegate$BeanPostProcessorChecker : Bean 'org.springframework.security.config.annotation.method.configuration.GlobalMethodSecurityConfiguration' of type [org.springframework.security.config.annotation.method.configuration.GlobalMethodSecurityConfiguration$$EnhancerBySpringCGLIB$$7673096a] is not eligible for getting processed by all BeanPostProcessors (for example: not eligible for auto-proxying)
2017-09-09 15:34:29.573  INFO 7396 --- [main] trationDelegate$BeanPostProcessorChecker : Bean 'methodSecurityMetadataSource' of type [org.springframework.security.access.method.DelegatingMethodSecurityMetadataSource] is not eligible for getting processed by all BeanPostProcessors (for example: not eligible for auto-proxying)
2017-09-09 15:34:29.822  INFO 7396 --- [main] s.b.c.e.t.TomcatEmbeddedServletContainer : Tomcat initialized with port(s): 8080 (http)
2017-09-09 15:34:29.830  INFO 7396 --- [main] o.apache.catalina.core.StandardService   : Starting service Tomcat
2017-09-09 15:34:29.831  INFO 7396 --- [main] org.apache.catalina.core.StandardEngine  : Starting Servlet Engine: Apache Tomcat/8.5.11
2017-09-09 15:34:29.877  INFO 7396 --- [localhost-startStop-1] o.a.c.c.C.[Tomcat].[localhost].[/]       : Initializing Spring embedded WebApplicationContext
2017-09-09 15:34:29.877  INFO 7396 --- [localhost-startStop-1] o.s.web.context.ContextLoader            : Root WebApplicationContext: initialization completed in 1979 ms
2017-09-09 15:34:30.866  INFO 7396 --- [localhost-startStop-1] o.s.b.w.servlet.FilterRegistrationBean   : Mapping filter: 'characterEncodingFilter' to: [/*]
2017-09-09 15:34:30.867  INFO 7396 --- [localhost-startStop-1] o.s.b.w.servlet.FilterRegistrationBean   : Mapping filter: 'hiddenHttpMethodFilter' to: [/*]
2017-09-09 15:34:30.867  INFO 7396 --- [localhost-startStop-1] o.s.b.w.servlet.FilterRegistrationBean   : Mapping filter: 'httpPutFormContentFilter' to: [/*]
2017-09-09 15:34:30.867  INFO 7396 --- [localhost-startStop-1] o.s.b.w.servlet.FilterRegistrationBean   : Mapping filter: 'requestContextFilter' to: [/*]
2017-09-09 15:34:30.868  INFO 7396 --- [localhost-startStop-1] .s.DelegatingFilterProxyRegistrationBean : Mapping filter: 'springSecurityFilterChain' to: [/*]
2017-09-09 15:34:30.868  INFO 7396 --- [localhost-startStop-1] o.s.b.w.servlet.FilterRegistrationBean   : Mapping filter: 'jwtAuthenticationTokenFilter' to: [/*]
2017-09-09 15:34:30.868  INFO 7396 --- [localhost-startStop-1] o.s.b.w.servlet.FilterRegistrationBean   : Mapping filter: 'authenticationTokenFilterBean' to: [/*]
2017-09-09 15:34:30.868  INFO 7396 --- [localhost-startStop-1] o.s.b.w.servlet.ServletRegistrationBean  : Mapping servlet: 'dispatcherServlet' to [/]
2017-09-09 15:34:30.975 ERROR 7396 --- [Thread-2] c.edu.swpu.cins.weike.util.JedisAdapter  : 发生异常Could not get a resource from the pool
2017-09-09 15:34:31.373  INFO 7396 --- [main] o.s.s.web.DefaultSecurityFilterChain     : Creating filter chain: org.springframework.security.web.util.matcher.AnyRequestMatcher@1, [org.springframework.security.web.context.request.async.WebAsyncManagerIntegrationFilter@41fed14f, org.springframework.security.web.context.SecurityContextPersistenceFilter@7123be6c, org.springframework.security.web.header.HeaderWriterFilter@507b79f7, org.springframework.security.web.authentication.logout.LogoutFilter@6bf13698, cn.edu.swpu.cins.weike.config.filter.JwtAuthenticationTokenFilter@11ea6e3c, org.springframework.security.web.savedrequest.RequestCacheAwareFilter@77a2aa4a, org.springframework.security.web.servletapi.SecurityContextHolderAwareRequestFilter@30669dac, org.springframework.security.web.authentication.AnonymousAuthenticationFilter@4d6ee47, org.springframework.security.web.session.SessionManagementFilter@128c502c, org.springframework.security.web.access.ExceptionTranslationFilter@3fbfbf84, org.springframework.security.web.access.intercept.FilterSecurityInterceptor@1da4b6b3]
2017-09-09 15:34:31.482  INFO 7396 --- [main] s.w.s.m.m.a.RequestMappingHandlerAdapter : Looking for @ControllerAdvice: org.springframework.boot.context.embedded.AnnotationConfigEmbeddedWebApplicationContext@188715b5: startup date [Sat Sep 09 15:34:27 CST 2017]; root of context hierarchy
2017-09-09 15:34:31.534  INFO 7396 --- [main] s.w.s.m.m.a.RequestMappingHandlerMapping : Mapped "{[/weike/student/FindPassword],methods=[POST]}" onto public cn.edu.swpu.cins.weike.entity.view.ResultData cn.edu.swpu.cins.weike.web.AuthController.studentUpdatePassword(cn.edu.swpu.cins.weike.entity.view.UpdatePassword)
2017-09-09 15:34:31.535  INFO 7396 --- [main] s.w.s.m.m.a.RequestMappingHandlerMapping : Mapped "{[/weike/teacher/FindPassword],methods=[POST]}" onto public cn.edu.swpu.cins.weike.entity.view.ResultData cn.edu.swpu.cins.weike.web.AuthController.teacherUpdatePassword(cn.edu.swpu.cins.weike.entity.view.UpdatePassword)
2017-09-09 15:34:31.535  INFO 7396 --- [main] s.w.s.m.m.a.RequestMappingHandlerMapping : Mapped "{[/weike/getVerifyCode],methods=[GET]}" onto public cn.edu.swpu.cins.weike.entity.view.ResultData cn.edu.swpu.cins.weike.web.AuthController.getVerifyCodeForLogin(javax.servlet.http.HttpServletResponse)
2017-09-09 15:34:31.535  INFO 7396 --- [main] s.w.s.m.m.a.RequestMappingHandlerMapping : Mapped "{[/weike/student/login],methods=[POST]}" onto public cn.edu.swpu.cins.weike.entity.view.ResultData cn.edu.swpu.cins.weike.web.AuthController.createStudentAuthenticationToken(cn.edu.swpu.cins.weike.entity.view.JwtAuthenticationRequest,java.lang.String)
2017-09-09 15:34:31.535  INFO 7396 --- [main] s.w.s.m.m.a.RequestMappingHandlerMapping : Mapped "{[/weike/teacher/login],methods=[POST]}" onto public cn.edu.swpu.cins.weike.entity.view.ResultData cn.edu.swpu.cins.weike.web.AuthController.createTeacherAuthenticationToken(cn.edu.swpu.cins.weike.entity.view.JwtAuthenticationRequest,java.lang.String)
2017-09-09 15:34:31.535  INFO 7396 --- [main] s.w.s.m.m.a.RequestMappingHandlerMapping : Mapped "{[/weike/student/GetVerifyCodeForRegister],methods=[GET]}" onto public cn.edu.swpu.cins.weike.entity.view.ResultData cn.edu.swpu.cins.weike.web.AuthController.studentGetVerifyCode(java.lang.String,java.lang.String)
2017-09-09 15:34:31.535  INFO 7396 --- [main] s.w.s.m.m.a.RequestMappingHandlerMapping : Mapped "{[/weike/teacher/GetVerifyCodeForRegister],methods=[GET]}" onto public cn.edu.swpu.cins.weike.entity.view.ResultData cn.edu.swpu.cins.weike.web.AuthController.teacherGetVerifyCode(java.lang.String,java.lang.String)
2017-09-09 15:34:31.535  INFO 7396 --- [main] s.w.s.m.m.a.RequestMappingHandlerMapping : Mapped "{[/weike/student/register],methods=[POST]}" onto public cn.edu.swpu.cins.weike.entity.view.ResultData cn.edu.swpu.cins.weike.web.AuthController.StudentSaveToDB(cn.edu.swpu.cins.weike.entity.view.RegisterStudentVO)
2017-09-09 15:34:31.536  INFO 7396 --- [main] s.w.s.m.m.a.RequestMappingHandlerMapping : Mapped "{[/weike/teacher/register],methods=[POST]}" onto public cn.edu.swpu.cins.weike.entity.view.ResultData cn.edu.swpu.cins.weike.web.AuthController.teacherSaveToDB(cn.edu.swpu.cins.weike.entity.view.RegisterTeacherVO)
2017-09-09 15:34:31.536  INFO 7396 --- [main] s.w.s.m.m.a.RequestMappingHandlerMapping : Mapped "{[/weike/student/getVerifyCodeForFindPassword],methods=[GET]}" onto public cn.edu.swpu.cins.weike.entity.view.ResultData cn.edu.swpu.cins.weike.web.AuthController.studentGetVerifyForUpdate(java.lang.String,java.lang.String)
2017-09-09 15:34:31.537  INFO 7396 --- [main] s.w.s.m.m.a.RequestMappingHandlerMapping : Mapped "{[/weike/teacher/getVerifyCodeForFindPassword],methods=[GET]}" onto public cn.edu.swpu.cins.weike.entity.view.ResultData cn.edu.swpu.cins.weike.web.AuthController.teacherGetVerifyForUpdatePassword(java.lang.String,java.lang.String)
2017-09-09 15:34:31.537  INFO 7396 --- [main] s.w.s.m.m.a.RequestMappingHandlerMapping : Mapped "{[/weike/admin/login],methods=[POST]}" onto public cn.edu.swpu.cins.weike.entity.view.ResultData cn.edu.swpu.cins.weike.web.AuthController.createAdminAuthenticationToken(cn.edu.swpu.cins.weike.entity.view.JwtAuthenticationRequest)
2017-09-09 15:34:31.539  INFO 7396 --- [main] s.w.s.m.m.a.RequestMappingHandlerMapping : Mapped "{[/WeiKe/messageList],methods=[GET]}" onto public cn.edu.swpu.cins.weike.entity.view.ResultData cn.edu.swpu.cins.weike.web.MessageController.getConversationDetail(javax.servlet.http.HttpServletRequest)
2017-09-09 15:34:31.539  INFO 7396 --- [main] s.w.s.m.m.a.RequestMappingHandlerMapping : Mapped "{[/WeiKe/deleteMessage],methods=[POST]}" onto public cn.edu.swpu.cins.weike.entity.view.ResultData cn.edu.swpu.cins.weike.web.MessageController.deleteMessage(cn.edu.swpu.cins.weike.entity.view.MessageDelete)
2017-09-09 15:34:31.540  INFO 7396 --- [main] s.w.s.m.m.a.RequestMappingHandlerMapping : Mapped "{[/WeiKe/acceptApply],methods=[POST]}" onto public cn.edu.swpu.cins.weike.entity.view.ResultData cn.edu.swpu.cins.weike.web.MessageController.acceptJoin(cn.edu.swpu.cins.weike.entity.view.JoinMessage,javax.servlet.http.HttpServletRequest)
2017-09-09 15:34:31.540  INFO 7396 --- [main] s.w.s.m.m.a.RequestMappingHandlerMapping : Mapped "{[/WeiKe/refuseApply],methods=[POST]}" onto public cn.edu.swpu.cins.weike.entity.view.ResultData cn.edu.swpu.cins.weike.web.MessageController.refuseJoin(cn.edu.swpu.cins.weike.entity.view.JoinMessage,javax.servlet.http.HttpServletRequest)
2017-09-09 15:34:31.540  INFO 7396 --- [main] s.w.s.m.m.a.RequestMappingHandlerMapping : Mapped "{[/WeiKe/proFollower],methods=[GET]}" onto public cn.edu.swpu.cins.weike.entity.view.ResultData cn.edu.swpu.cins.weike.web.MessageController.queryProFollower(java.lang.String)
2017-09-09 15:34:31.540  INFO 7396 --- [main] s.w.s.m.m.a.RequestMappingHandlerMapping : Mapped "{[/WeiKe/sendMessage],methods=[POST]}" onto public cn.edu.swpu.cins.weike.entity.view.ResultData cn.edu.swpu.cins.weike.web.MessageController.sendMessage(cn.edu.swpu.cins.weike.entity.view.MessageView,javax.servlet.http.HttpServletRequest)
2017-09-09 15:34:31.540  INFO 7396 --- [main] s.w.s.m.m.a.RequestMappingHandlerMapping : Mapped "{[/WeiKe/followPro],methods=[POST]}" onto public cn.edu.swpu.cins.weike.entity.view.ResultData cn.edu.swpu.cins.weike.web.MessageController.attentionPro(cn.edu.swpu.cins.weike.entity.view.FollowPro,javax.servlet.http.HttpServletRequest)
2017-09-09 15:34:31.540  INFO 7396 --- [main] s.w.s.m.m.a.RequestMappingHandlerMapping : Mapped "{[/WeiKe/unFollowPro],methods=[POST]}" onto public cn.edu.swpu.cins.weike.entity.view.ResultData cn.edu.swpu.cins.weike.web.MessageController.unAttentionPro(cn.edu.swpu.cins.weike.entity.view.FollowPro,javax.servlet.http.HttpServletRequest)
2017-09-09 15:34:31.541  INFO 7396 --- [main] s.w.s.m.m.a.RequestMappingHandlerMapping : Mapped "{[/WeiKe/projectsByWords],methods=[GET]}" onto public cn.edu.swpu.cins.weike.entity.view.ResultData cn.edu.swpu.cins.weike.web.ProjectController.queryByKeyWords(java.lang.String)
2017-09-09 15:34:31.542  INFO 7396 --- [main] s.w.s.m.m.a.RequestMappingHandlerMapping : Mapped "{[/WeiKe/index],methods=[GET]}" onto public cn.edu.swpu.cins.weike.entity.view.ResultData cn.edu.swpu.cins.weike.web.ProjectController.queryForIndex()
2017-09-09 15:34:31.542  INFO 7396 --- [main] s.w.s.m.m.a.RequestMappingHandlerMapping : Mapped "{[/WeiKe/projects],methods=[GET]}" onto public cn.edu.swpu.cins.weike.entity.view.ResultData cn.edu.swpu.cins.weike.web.ProjectController.queryAll(int,int)
2017-09-09 15:34:31.542  INFO 7396 --- [main] s.w.s.m.m.a.RequestMappingHandlerMapping : Mapped "{[/WeiKe/projectName],methods=[GET]}" onto public cn.edu.swpu.cins.weike.entity.view.ResultData cn.edu.swpu.cins.weike.web.ProjectController.queryForProjectByName(java.lang.String)
2017-09-09 15:34:31.543  INFO 7396 --- [main] s.w.s.m.m.a.RequestMappingHandlerMapping : Mapped "{[/WeiKe/student/allProject],methods=[GET]}" onto public cn.edu.swpu.cins.weike.entity.view.ResultData cn.edu.swpu.cins.weike.web.StudentController.queryAllProject(javax.servlet.http.HttpServletRequest)
2017-09-09 15:34:31.543  INFO 7396 --- [main] s.w.s.m.m.a.RequestMappingHandlerMapping : Mapped "{[/WeiKe/student/personalData],methods=[GET]}" onto public cn.edu.swpu.cins.weike.entity.view.ResultData cn.edu.swpu.cins.weike.web.StudentController.queryForData(javax.servlet.http.HttpServletRequest)
2017-09-09 15:34:31.543  INFO 7396 --- [main] s.w.s.m.m.a.RequestMappingHandlerMapping : Mapped "{[/WeiKe/student/updateInfo],methods=[POST]}" onto public cn.edu.swpu.cins.weike.entity.view.ResultData cn.edu.swpu.cins.weike.web.StudentController.updateInfo(cn.edu.swpu.cins.weike.entity.persistence.StudentDetail,javax.servlet.http.HttpServletRequest)
2017-09-09 15:34:31.543  INFO 7396 --- [main] s.w.s.m.m.a.RequestMappingHandlerMapping : Mapped "{[/WeiKe/student/addPersonalDeail],methods=[POST]}" onto public cn.edu.swpu.cins.weike.entity.view.ResultData cn.edu.swpu.cins.weike.web.StudentController.addPersonalDetail(cn.edu.swpu.cins.weike.entity.persistence.StudentDetail,javax.servlet.http.HttpServletRequest)
2017-09-09 15:34:31.544  INFO 7396 --- [main] s.w.s.m.m.a.RequestMappingHandlerMapping : Mapped "{[/WeiKe/student/projetName],methods=[GET]}" onto public cn.edu.swpu.cins.weike.entity.view.ResultData cn.edu.swpu.cins.weike.web.StudentController.queryApplyInfo(java.lang.String)
2017-09-09 15:34:31.544  INFO 7396 --- [main] s.w.s.m.m.a.RequestMappingHandlerMapping : Mapped "{[/WeiKe/student/addProject],methods=[POST]}" onto public cn.edu.swpu.cins.weike.entity.view.ResultData cn.edu.swpu.cins.weike.web.StudentController.publishProject(cn.edu.swpu.cins.weike.entity.persistence.ProjectInfo,javax.servlet.http.HttpServletRequest)
2017-09-09 15:34:31.546  INFO 7396 --- [main] s.w.s.m.m.a.RequestMappingHandlerMapping : Mapped "{[/WeiKe/teacher/allProject],methods=[GET]}" onto public cn.edu.swpu.cins.weike.entity.view.ResultData cn.edu.swpu.cins.weike.web.TeacherController.queryAllProject(javax.servlet.http.HttpServletRequest)
2017-09-09 15:34:31.546  INFO 7396 --- [main] s.w.s.m.m.a.RequestMappingHandlerMapping : Mapped "{[/WeiKe/teacher/personalData],methods=[GET]}" onto public cn.edu.swpu.cins.weike.entity.view.ResultData cn.edu.swpu.cins.weike.web.TeacherController.queryForData(javax.servlet.http.HttpServletRequest)
2017-09-09 15:34:31.546  INFO 7396 --- [main] s.w.s.m.m.a.RequestMappingHandlerMapping : Mapped "{[/WeiKe/teacher/updateInfo],methods=[POST]}" onto public cn.edu.swpu.cins.weike.entity.view.ResultData cn.edu.swpu.cins.weike.web.TeacherController.updateInfo(cn.edu.swpu.cins.weike.entity.persistence.TeacherDetail,javax.servlet.http.HttpServletRequest)
2017-09-09 15:34:31.546  INFO 7396 --- [main] s.w.s.m.m.a.RequestMappingHandlerMapping : Mapped "{[/WeiKe/teacher/addPersonal],methods=[POST]}" onto public cn.edu.swpu.cins.weike.entity.view.ResultData cn.edu.swpu.cins.weike.web.TeacherController.addTeacherPersonal(cn.edu.swpu.cins.weike.entity.persistence.TeacherDetail,javax.servlet.http.HttpServletRequest)
2017-09-09 15:34:31.546  INFO 7396 --- [main] s.w.s.m.m.a.RequestMappingHandlerMapping : Mapped "{[/WeiKe/teacher/addProject],methods=[POST]}" onto public cn.edu.swpu.cins.weike.entity.view.ResultData cn.edu.swpu.cins.weike.web.TeacherController.publishProject(cn.edu.swpu.cins.weike.entity.persistence.ProjectInfo,javax.servlet.http.HttpServletRequest)
2017-09-09 15:34:31.548  INFO 7396 --- [main] s.w.s.m.m.a.RequestMappingHandlerMapping : Mapped "{[/error],produces=[text/html]}" onto public org.springframework.web.servlet.ModelAndView org.springframework.boot.autoconfigure.web.BasicErrorController.errorHtml(javax.servlet.http.HttpServletRequest,javax.servlet.http.HttpServletResponse)
2017-09-09 15:34:31.548  INFO 7396 --- [main] s.w.s.m.m.a.RequestMappingHandlerMapping : Mapped "{[/error]}" onto public org.springframework.http.ResponseEntity<java.util.Map<java.lang.String, java.lang.Object>> org.springframework.boot.autoconfigure.web.BasicErrorController.error(javax.servlet.http.HttpServletRequest)
2017-09-09 15:34:31.623  INFO 7396 --- [main] o.s.w.s.handler.SimpleUrlHandlerMapping  : Mapped URL path [/webjars/**] onto handler of type [class org.springframework.web.servlet.resource.ResourceHttpRequestHandler]
2017-09-09 15:34:31.624  INFO 7396 --- [main] o.s.w.s.handler.SimpleUrlHandlerMapping  : Mapped URL path [/**] onto handler of type [class org.springframework.web.servlet.resource.ResourceHttpRequestHandler]
2017-09-09 15:34:31.679  INFO 7396 --- [main] o.s.w.s.handler.SimpleUrlHandlerMapping  : Mapped URL path [/**/favicon.ico] onto handler of type [class org.springframework.web.servlet.resource.ResourceHttpRequestHandler]
2017-09-09 15:34:32.206  INFO 7396 --- [main] o.s.j.e.a.AnnotationMBeanExporter        : Registering beans for JMX exposure on startup
2017-09-09 15:34:32.240  INFO 7396 --- [main] s.b.c.e.t.TomcatEmbeddedServletContainer : Tomcat started on port(s): 8080 (http)
2017-09-09 15:34:32.243  INFO 7396 --- [main] cn.edu.swpu.cins.weike.WeikeApplication  : Started WeikeApplication in 4.855 seconds (JVM running for 5.562)
2017-09-09 15:35:17.678  INFO 7396 --- [Thread-6] ationConfigEmbeddedWebApplicationContext : Closing org.springframework.boot.context.embedded.AnnotationConfigEmbeddedWebApplicationContext@188715b5: startup date [Sat Sep 09 15:34:27 CST 2017]; root of context hierarchy
2017-09-09 15:35:17.686  INFO 7396 --- [Thread-6] o.s.j.e.a.AnnotationMBeanExporter        : Unregistering JMX-exposed beans on shutdown
2017-09-09 15:35:19.479  INFO 7483 --- [main] cn.edu.swpu.cins.weike.WeikeApplication  : Starting WeikeApplication on yang with PID 7483 (/home/yang/idea_work_space/weike/out/production/classes started by yang in /home/yang/idea_work_space/weike)
2017-09-09 15:35:19.482  INFO 7483 --- [main] cn.edu.swpu.cins.weike.WeikeApplication  : No active profile set, falling back to default profiles: default
2017-09-09 15:35:19.556  INFO 7483 --- [main] ationConfigEmbeddedWebApplicationContext : Refreshing org.springframework.boot.context.embedded.AnnotationConfigEmbeddedWebApplicationContext@5119fb47: startup date [Sat Sep 09 15:35:19 CST 2017]; root of context hierarchy
2017-09-09 15:35:20.763  INFO 7483 --- [main] .s.d.r.c.RepositoryConfigurationDelegate : Multiple Spring Data modules found, entering strict repository configuration mode!
2017-09-09 15:35:21.218  INFO 7483 --- [main] trationDelegate$BeanPostProcessorChecker : Bean 'org.springframework.transaction.annotation.ProxyTransactionManagementConfiguration' of type [org.springframework.transaction.annotation.ProxyTransactionManagementConfiguration$$EnhancerBySpringCGLIB$$2dc6dc15] is not eligible for getting processed by all BeanPostProcessors (for example: not eligible for auto-proxying)
2017-09-09 15:35:21.324  INFO 7483 --- [main] trationDelegate$BeanPostProcessorChecker : Bean 'org.springframework.security.config.annotation.configuration.ObjectPostProcessorConfiguration' of type [org.springframework.security.config.annotation.configuration.ObjectPostProcessorConfiguration$$EnhancerBySpringCGLIB$$c674a44f] is not eligible for getting processed by all BeanPostProcessors (for example: not eligible for auto-proxying)
2017-09-09 15:35:21.334  INFO 7483 --- [main] trationDelegate$BeanPostProcessorChecker : Bean 'objectPostProcessor' of type [org.springframework.security.config.annotation.configuration.AutowireBeanFactoryObjectPostProcessor] is not eligible for getting processed by all BeanPostProcessors (for example: not eligible for auto-proxying)
2017-09-09 15:35:21.339  INFO 7483 --- [main] trationDelegate$BeanPostProcessorChecker : Bean 'org.springframework.security.access.expression.method.DefaultMethodSecurityExpressionHandler@1c12f3ee' of type [org.springframework.security.access.expression.method.DefaultMethodSecurityExpressionHandler] is not eligible for getting processed by all BeanPostProcessors (for example: not eligible for auto-proxying)
2017-09-09 15:35:21.344  INFO 7483 --- [main] trationDelegate$BeanPostProcessorChecker : Bean 'org.springframework.security.config.annotation.method.configuration.GlobalMethodSecurityConfiguration' of type [org.springframework.security.config.annotation.method.configuration.GlobalMethodSecurityConfiguration$$EnhancerBySpringCGLIB$$eb494701] is not eligible for getting processed by all BeanPostProcessors (for example: not eligible for auto-proxying)
2017-09-09 15:35:21.367  INFO 7483 --- [main] trationDelegate$BeanPostProcessorChecker : Bean 'methodSecurityMetadataSource' of type [org.springframework.security.access.method.DelegatingMethodSecurityMetadataSource] is not eligible for getting processed by all BeanPostProcessors (for example: not eligible for auto-proxying)
2017-09-09 15:35:21.586  INFO 7483 --- [main] s.b.c.e.t.TomcatEmbeddedServletContainer : Tomcat initialized with port(s): 8080 (http)
2017-09-09 15:35:21.593  INFO 7483 --- [main] o.apache.catalina.core.StandardService   : Starting service Tomcat
2017-09-09 15:35:21.594  INFO 7483 --- [main] org.apache.catalina.core.StandardEngine  : Starting Servlet Engine: Apache Tomcat/8.5.11
2017-09-09 15:35:21.637  INFO 7483 --- [localhost-startStop-1] o.a.c.c.C.[Tomcat].[localhost].[/]       : Initializing Spring embedded WebApplicationContext
2017-09-09 15:35:21.637  INFO 7483 --- [localhost-startStop-1] o.s.web.context.ContextLoader            : Root WebApplicationContext: initialization completed in 2085 ms
2017-09-09 15:35:22.663  INFO 7483 --- [localhost-startStop-1] o.s.b.w.servlet.FilterRegistrationBean   : Mapping filter: 'characterEncodingFilter' to: [/*]
2017-09-09 15:35:22.663  INFO 7483 --- [localhost-startStop-1] o.s.b.w.servlet.FilterRegistrationBean   : Mapping filter: 'hiddenHttpMethodFilter' to: [/*]
2017-09-09 15:35:22.663  INFO 7483 --- [localhost-startStop-1] o.s.b.w.servlet.FilterRegistrationBean   : Mapping filter: 'httpPutFormContentFilter' to: [/*]
2017-09-09 15:35:22.663  INFO 7483 --- [localhost-startStop-1] o.s.b.w.servlet.FilterRegistrationBean   : Mapping filter: 'requestContextFilter' to: [/*]
2017-09-09 15:35:22.664  INFO 7483 --- [localhost-startStop-1] .s.DelegatingFilterProxyRegistrationBean : Mapping filter: 'springSecurityFilterChain' to: [/*]
2017-09-09 15:35:22.664  INFO 7483 --- [localhost-startStop-1] o.s.b.w.servlet.FilterRegistrationBean   : Mapping filter: 'jwtAuthenticationTokenFilter' to: [/*]
2017-09-09 15:35:22.664  INFO 7483 --- [localhost-startStop-1] o.s.b.w.servlet.FilterRegistrationBean   : Mapping filter: 'authenticationTokenFilterBean' to: [/*]
2017-09-09 15:35:22.664  INFO 7483 --- [localhost-startStop-1] o.s.b.w.servlet.ServletRegistrationBean  : Mapping servlet: 'dispatcherServlet' to [/]
2017-09-09 15:35:22.755 ERROR 7483 --- [Thread-2] c.edu.swpu.cins.weike.util.JedisAdapter  : 发生异常Could not get a resource from the pool
2017-09-09 15:35:23.123  INFO 7483 --- [main] o.s.s.web.DefaultSecurityFilterChain     : Creating filter chain: org.springframework.security.web.util.matcher.AnyRequestMatcher@1, [org.springframework.security.web.context.request.async.WebAsyncManagerIntegrationFilter@8b91134, org.springframework.security.web.context.SecurityContextPersistenceFilter@5e5073ab, org.springframework.security.web.header.HeaderWriterFilter@99407c2, org.springframework.security.web.authentication.logout.LogoutFilter@31f20c9f, cn.edu.swpu.cins.weike.config.filter.JwtAuthenticationTokenFilter@61354010, org.springframework.security.web.savedrequest.RequestCacheAwareFilter@100c567f, org.springframework.security.web.servletapi.SecurityContextHolderAwareRequestFilter@3bbf9027, org.springframework.security.web.authentication.AnonymousAuthenticationFilter@1fba386c, org.springframework.security.web.session.SessionManagementFilter@77a2aa4a, org.springframework.security.web.access.ExceptionTranslationFilter@507b79f7, org.springframework.security.web.access.intercept.FilterSecurityInterceptor@34fe326d]
2017-09-09 15:35:23.231  INFO 7483 --- [main] s.w.s.m.m.a.RequestMappingHandlerAdapter : Looking for @ControllerAdvice: org.springframework.boot.context.embedded.AnnotationConfigEmbeddedWebApplicationContext@5119fb47: startup date [Sat Sep 09 15:35:19 CST 2017]; root of context hierarchy
2017-09-09 15:35:23.283  INFO 7483 --- [main] s.w.s.m.m.a.RequestMappingHandlerMapping : Mapped "{[/weike/student/FindPassword],methods=[POST]}" onto public cn.edu.swpu.cins.weike.entity.view.ResultData cn.edu.swpu.cins.weike.web.AuthController.studentUpdatePassword(cn.edu.swpu.cins.weike.entity.view.UpdatePassword)
2017-09-09 15:35:23.283  INFO 7483 --- [main] s.w.s.m.m.a.RequestMappingHandlerMapping : Mapped "{[/weike/teacher/FindPassword],methods=[POST]}" onto public cn.edu.swpu.cins.weike.entity.view.ResultData cn.edu.swpu.cins.weike.web.AuthController.teacherUpdatePassword(cn.edu.swpu.cins.weike.entity.view.UpdatePassword)
2017-09-09 15:35:23.284  INFO 7483 --- [main] s.w.s.m.m.a.RequestMappingHandlerMapping : Mapped "{[/weike/getVerifyCode],methods=[GET]}" onto public cn.edu.swpu.cins.weike.entity.view.ResultData cn.edu.swpu.cins.weike.web.AuthController.getVerifyCodeForLogin(javax.servlet.http.HttpServletResponse)
2017-09-09 15:35:23.284  INFO 7483 --- [main] s.w.s.m.m.a.RequestMappingHandlerMapping : Mapped "{[/weike/student/login],methods=[POST]}" onto public cn.edu.swpu.cins.weike.entity.view.ResultData cn.edu.swpu.cins.weike.web.AuthController.createStudentAuthenticationToken(cn.edu.swpu.cins.weike.entity.view.JwtAuthenticationRequest,java.lang.String)
2017-09-09 15:35:23.284  INFO 7483 --- [main] s.w.s.m.m.a.RequestMappingHandlerMapping : Mapped "{[/weike/teacher/login],methods=[POST]}" onto public cn.edu.swpu.cins.weike.entity.view.ResultData cn.edu.swpu.cins.weike.web.AuthController.createTeacherAuthenticationToken(cn.edu.swpu.cins.weike.entity.view.JwtAuthenticationRequest,java.lang.String)
2017-09-09 15:35:23.284  INFO 7483 --- [main] s.w.s.m.m.a.RequestMappingHandlerMapping : Mapped "{[/weike/student/GetVerifyCodeForRegister],methods=[GET]}" onto public cn.edu.swpu.cins.weike.entity.view.ResultData cn.edu.swpu.cins.weike.web.AuthController.studentGetVerifyCode(java.lang.String,java.lang.String)
2017-09-09 15:35:23.284  INFO 7483 --- [main] s.w.s.m.m.a.RequestMappingHandlerMapping : Mapped "{[/weike/teacher/GetVerifyCodeForRegister],methods=[GET]}" onto public cn.edu.swpu.cins.weike.entity.view.ResultData cn.edu.swpu.cins.weike.web.AuthController.teacherGetVerifyCode(java.lang.String,java.lang.String)
2017-09-09 15:35:23.284  INFO 7483 --- [main] s.w.s.m.m.a.RequestMappingHandlerMapping : Mapped "{[/weike/student/register],methods=[POST]}" onto public cn.edu.swpu.cins.weike.entity.view.ResultData cn.edu.swpu.cins.weike.web.AuthController.StudentSaveToDB(cn.edu.swpu.cins.weike.entity.view.RegisterStudentVO)
2017-09-09 15:35:23.285  INFO 7483 --- [main] s.w.s.m.m.a.RequestMappingHandlerMapping : Mapped "{[/weike/teacher/register],methods=[POST]}" onto public cn.edu.swpu.cins.weike.entity.view.ResultData cn.edu.swpu.cins.weike.web.AuthController.teacherSaveToDB(cn.edu.swpu.cins.weike.entity.view.RegisterTeacherVO)
2017-09-09 15:35:23.285  INFO 7483 --- [main] s.w.s.m.m.a.RequestMappingHandlerMapping : Mapped "{[/weike/student/getVerifyCodeForFindPassword],methods=[GET]}" onto public cn.edu.swpu.cins.weike.entity.view.ResultData cn.edu.swpu.cins.weike.web.AuthController.studentGetVerifyForUpdate(java.lang.String,java.lang.String)
2017-09-09 15:35:23.285  INFO 7483 --- [main] s.w.s.m.m.a.RequestMappingHandlerMapping : Mapped "{[/weike/teacher/getVerifyCodeForFindPassword],methods=[GET]}" onto public cn.edu.swpu.cins.weike.entity.view.ResultData cn.edu.swpu.cins.weike.web.AuthController.teacherGetVerifyForUpdatePassword(java.lang.String,java.lang.String)
2017-09-09 15:35:23.285  INFO 7483 --- [main] s.w.s.m.m.a.RequestMappingHandlerMapping : Mapped "{[/weike/admin/login],methods=[POST]}" onto public cn.edu.swpu.cins.weike.entity.view.ResultData cn.edu.swpu.cins.weike.web.AuthController.createAdminAuthenticationToken(cn.edu.swpu.cins.weike.entity.view.JwtAuthenticationRequest)
2017-09-09 15:35:23.287  INFO 7483 --- [main] s.w.s.m.m.a.RequestMappingHandlerMapping : Mapped "{[/WeiKe/messageList],methods=[GET]}" onto public cn.edu.swpu.cins.weike.entity.view.ResultData cn.edu.swpu.cins.weike.web.MessageController.getConversationDetail(javax.servlet.http.HttpServletRequest)
2017-09-09 15:35:23.287  INFO 7483 --- [main] s.w.s.m.m.a.RequestMappingHandlerMapping : Mapped "{[/WeiKe/deleteMessage],methods=[POST]}" onto public cn.edu.swpu.cins.weike.entity.view.ResultData cn.edu.swpu.cins.weike.web.MessageController.deleteMessage(cn.edu.swpu.cins.weike.entity.view.MessageDelete)
2017-09-09 15:35:23.287  INFO 7483 --- [main] s.w.s.m.m.a.RequestMappingHandlerMapping : Mapped "{[/WeiKe/acceptApply],methods=[POST]}" onto public cn.edu.swpu.cins.weike.entity.view.ResultData cn.edu.swpu.cins.weike.web.MessageController.acceptJoin(cn.edu.swpu.cins.weike.entity.view.JoinMessage,javax.servlet.http.HttpServletRequest)
2017-09-09 15:35:23.287  INFO 7483 --- [main] s.w.s.m.m.a.RequestMappingHandlerMapping : Mapped "{[/WeiKe/refuseApply],methods=[POST]}" onto public cn.edu.swpu.cins.weike.entity.view.ResultData cn.edu.swpu.cins.weike.web.MessageController.refuseJoin(cn.edu.swpu.cins.weike.entity.view.JoinMessage,javax.servlet.http.HttpServletRequest)
2017-09-09 15:35:23.287  INFO 7483 --- [main] s.w.s.m.m.a.RequestMappingHandlerMapping : Mapped "{[/WeiKe/proFollower],methods=[GET]}" onto public cn.edu.swpu.cins.weike.entity.view.ResultData cn.edu.swpu.cins.weike.web.MessageController.queryProFollower(java.lang.String)
2017-09-09 15:35:23.287  INFO 7483 --- [main] s.w.s.m.m.a.RequestMappingHandlerMapping : Mapped "{[/WeiKe/sendMessage],methods=[POST]}" onto public cn.edu.swpu.cins.weike.entity.view.ResultData cn.edu.swpu.cins.weike.web.MessageController.sendMessage(cn.edu.swpu.cins.weike.entity.view.MessageView,javax.servlet.http.HttpServletRequest)
2017-09-09 15:35:23.288  INFO 7483 --- [main] s.w.s.m.m.a.RequestMappingHandlerMapping : Mapped "{[/WeiKe/followPro],methods=[POST]}" onto public cn.edu.swpu.cins.weike.entity.view.ResultData cn.edu.swpu.cins.weike.web.MessageController.attentionPro(cn.edu.swpu.cins.weike.entity.view.FollowPro,javax.servlet.http.HttpServletRequest)
2017-09-09 15:35:23.288  INFO 7483 --- [main] s.w.s.m.m.a.RequestMappingHandlerMapping : Mapped "{[/WeiKe/unFollowPro],methods=[POST]}" onto public cn.edu.swpu.cins.weike.entity.view.ResultData cn.edu.swpu.cins.weike.web.MessageController.unAttentionPro(cn.edu.swpu.cins.weike.entity.view.FollowPro,javax.servlet.http.HttpServletRequest)
2017-09-09 15:35:23.289  INFO 7483 --- [main] s.w.s.m.m.a.RequestMappingHandlerMapping : Mapped "{[/WeiKe/projectsByWords],methods=[GET]}" onto public cn.edu.swpu.cins.weike.entity.view.ResultData cn.edu.swpu.cins.weike.web.ProjectController.queryByKeyWords(java.lang.String)
2017-09-09 15:35:23.289  INFO 7483 --- [main] s.w.s.m.m.a.RequestMappingHandlerMapping : Mapped "{[/WeiKe/index],methods=[GET]}" onto public cn.edu.swpu.cins.weike.entity.view.ResultData cn.edu.swpu.cins.weike.web.ProjectController.queryForIndex()
2017-09-09 15:35:23.289  INFO 7483 --- [main] s.w.s.m.m.a.RequestMappingHandlerMapping : Mapped "{[/WeiKe/projects],methods=[GET]}" onto public cn.edu.swpu.cins.weike.entity.view.ResultData cn.edu.swpu.cins.weike.web.ProjectController.queryAll(int,int)
2017-09-09 15:35:23.289  INFO 7483 --- [main] s.w.s.m.m.a.RequestMappingHandlerMapping : Mapped "{[/WeiKe/projectName],methods=[GET]}" onto public cn.edu.swpu.cins.weike.entity.view.ResultData cn.edu.swpu.cins.weike.web.ProjectController.queryForProjectByName(java.lang.String)
2017-09-09 15:35:23.291  INFO 7483 --- [main] s.w.s.m.m.a.RequestMappingHandlerMapping : Mapped "{[/WeiKe/student/allProject],methods=[GET]}" onto public cn.edu.swpu.cins.weike.entity.view.ResultData cn.edu.swpu.cins.weike.web.StudentController.queryAllProject(javax.servlet.http.HttpServletRequest)
2017-09-09 15:35:23.291  INFO 7483 --- [main] s.w.s.m.m.a.RequestMappingHandlerMapping : Mapped "{[/WeiKe/student/personalData],methods=[GET]}" onto public cn.edu.swpu.cins.weike.entity.view.ResultData cn.edu.swpu.cins.weike.web.StudentController.queryForData(javax.servlet.http.HttpServletRequest)
2017-09-09 15:35:23.291  INFO 7483 --- [main] s.w.s.m.m.a.RequestMappingHandlerMapping : Mapped "{[/WeiKe/student/updateInfo],methods=[POST]}" onto public cn.edu.swpu.cins.weike.entity.view.ResultData cn.edu.swpu.cins.weike.web.StudentController.updateInfo(cn.edu.swpu.cins.weike.entity.persistence.StudentDetail,javax.servlet.http.HttpServletRequest)
2017-09-09 15:35:23.291  INFO 7483 --- [main] s.w.s.m.m.a.RequestMappingHandlerMapping : Mapped "{[/WeiKe/student/addPersonalDeail],methods=[POST]}" onto public cn.edu.swpu.cins.weike.entity.view.ResultData cn.edu.swpu.cins.weike.web.StudentController.addPersonalDetail(cn.edu.swpu.cins.weike.entity.persistence.StudentDetail,javax.servlet.http.HttpServletRequest)
2017-09-09 15:35:23.291  INFO 7483 --- [main] s.w.s.m.m.a.RequestMappingHandlerMapping : Mapped "{[/WeiKe/student/projetName],methods=[GET]}" onto public cn.edu.swpu.cins.weike.entity.view.ResultData cn.edu.swpu.cins.weike.web.StudentController.queryApplyInfo(java.lang.String)
2017-09-09 15:35:23.291  INFO 7483 --- [main] s.w.s.m.m.a.RequestMappingHandlerMapping : Mapped "{[/WeiKe/student/addProject],methods=[POST]}" onto public cn.edu.swpu.cins.weike.entity.view.ResultData cn.edu.swpu.cins.weike.web.StudentController.publishProject(cn.edu.swpu.cins.weike.entity.persistence.ProjectInfo,javax.servlet.http.HttpServletRequest)
2017-09-09 15:35:23.292  INFO 7483 --- [main] s.w.s.m.m.a.RequestMappingHandlerMapping : Mapped "{[/WeiKe/teacher/allProject],methods=[GET]}" onto public cn.edu.swpu.cins.weike.entity.view.ResultData cn.edu.swpu.cins.weike.web.TeacherController.queryAllProject(javax.servlet.http.HttpServletRequest)
2017-09-09 15:35:23.292  INFO 7483 --- [main] s.w.s.m.m.a.RequestMappingHandlerMapping : Mapped "{[/WeiKe/teacher/personalData],methods=[GET]}" onto public cn.edu.swpu.cins.weike.entity.view.ResultData cn.edu.swpu.cins.weike.web.TeacherController.queryForData(javax.servlet.http.HttpServletRequest)
2017-09-09 15:35:23.293  INFO 7483 --- [main] s.w.s.m.m.a.RequestMappingHandlerMapping : Mapped "{[/WeiKe/teacher/updateInfo],methods=[POST]}" onto public cn.edu.swpu.cins.weike.entity.view.ResultData cn.edu.swpu.cins.weike.web.TeacherController.updateInfo(cn.edu.swpu.cins.weike.entity.persistence.TeacherDetail,javax.servlet.http.HttpServletRequest)
2017-09-09 15:35:23.293  INFO 7483 --- [main] s.w.s.m.m.a.RequestMappingHandlerMapping : Mapped "{[/WeiKe/teacher/addPersonal],methods=[POST]}" onto public cn.edu.swpu.cins.weike.entity.view.ResultData cn.edu.swpu.cins.weike.web.TeacherController.addTeacherPersonal(cn.edu.swpu.cins.weike.entity.persistence.TeacherDetail,javax.servlet.http.HttpServletRequest)
2017-09-09 15:35:23.293  INFO 7483 --- [main] s.w.s.m.m.a.RequestMappingHandlerMapping : Mapped "{[/WeiKe/teacher/addProject],methods=[POST]}" onto public cn.edu.swpu.cins.weike.entity.view.ResultData cn.edu.swpu.cins.weike.web.TeacherController.publishProject(cn.edu.swpu.cins.weike.entity.persistence.ProjectInfo,javax.servlet.http.HttpServletRequest)
2017-09-09 15:35:23.294  INFO 7483 --- [main] s.w.s.m.m.a.RequestMappingHandlerMapping : Mapped "{[/error],produces=[text/html]}" onto public org.springframework.web.servlet.ModelAndView org.springframework.boot.autoconfigure.web.BasicErrorController.errorHtml(javax.servlet.http.HttpServletRequest,javax.servlet.http.HttpServletResponse)
2017-09-09 15:35:23.295  INFO 7483 --- [main] s.w.s.m.m.a.RequestMappingHandlerMapping : Mapped "{[/error]}" onto public org.springframework.http.ResponseEntity<java.util.Map<java.lang.String, java.lang.Object>> org.springframework.boot.autoconfigure.web.BasicErrorController.error(javax.servlet.http.HttpServletRequest)
2017-09-09 15:35:23.347  INFO 7483 --- [main] o.s.w.s.handler.SimpleUrlHandlerMapping  : Mapped URL path [/webjars/**] onto handler of type [class org.springframework.web.servlet.resource.ResourceHttpRequestHandler]
2017-09-09 15:35:23.347  INFO 7483 --- [main] o.s.w.s.handler.SimpleUrlHandlerMapping  : Mapped URL path [/**] onto handler of type [class org.springframework.web.servlet.resource.ResourceHttpRequestHandler]
2017-09-09 15:35:23.397  INFO 7483 --- [main] o.s.w.s.handler.SimpleUrlHandlerMapping  : Mapped URL path [/**/favicon.ico] onto handler of type [class org.springframework.web.servlet.resource.ResourceHttpRequestHandler]
2017-09-09 15:35:23.896  INFO 7483 --- [main] o.s.j.e.a.AnnotationMBeanExporter        : Registering beans for JMX exposure on startup
2017-09-09 15:35:23.926  INFO 7483 --- [main] s.b.c.e.t.TomcatEmbeddedServletContainer : Tomcat started on port(s): 8080 (http)
2017-09-09 15:35:23.930  INFO 7483 --- [main] cn.edu.swpu.cins.weike.WeikeApplication  : Started WeikeApplication in 4.826 seconds (JVM running for 5.38)
2017-09-09 15:43:03.421  INFO 7483 --- [Thread-6] ationConfigEmbeddedWebApplicationContext : Closing org.springframework.boot.context.embedded.AnnotationConfigEmbeddedWebApplicationContext@5119fb47: startup date [Sat Sep 09 15:35:19 CST 2017]; root of context hierarchy
2017-09-09 15:43:03.424  INFO 7483 --- [Thread-6] o.s.j.e.a.AnnotationMBeanExporter        : Unregistering JMX-exposed beans on shutdown
